2023-02-08 11:14:12,367 - mmdet - INFO - Environment info:
------------------------------------------------------------
sys.platform: linux
Python: 3.8.13 (default, Mar 28 2022, 11:38:47) [GCC 7.5.0]
CUDA available: True
GPU 0,1: GeForce RTX 3090
CUDA_HOME: /usr/local/cuda-11.1
NVCC: Cuda compilation tools, release 11.1, V11.1.74
GCC: gcc (Ubuntu 7.5.0-3ubuntu1~18.04) 7.5.0
PyTorch: 1.12.1+cu113
PyTorch compiling details: PyTorch built with:
  - GCC 9.3
  - C++ Version: 201402
  - Intel(R) Math Kernel Library Version 2020.0.0 Product Build 20191122 for Intel(R) 64 architecture applications
  - Intel(R) MKL-DNN v2.6.0 (Git Hash 52b5f107dd9cf10910aaa19cb47f3abf9b349815)
  - OpenMP 201511 (a.k.a. OpenMP 4.5)
  - LAPACK is enabled (usually provided by MKL)
  - NNPACK is enabled
  - CPU capability usage: AVX2
  - CUDA Runtime 11.3
  - NVCC architecture flags: -gencode;arch=compute_37,code=sm_37;-gencode;arch=compute_50,code=sm_50;-gencode;arch=compute_60,code=sm_60;-gencode;arch=compute_70,code=sm_70;-gencode;arch=compute_75,code=sm_75;-gencode;arch=compute_80,code=sm_80;-gencode;arch=compute_86,code=sm_86
  - CuDNN 8.0.4  (built against CUDA 11.1)
    - Built with CuDNN 8.3.2
  - Magma 2.5.2
  - Build settings: BLAS_INFO=mkl, BUILD_TYPE=Release, CUDA_VERSION=11.3, CUDNN_VERSION=8.3.2, CXX_COMPILER=/opt/rh/devtoolset-9/root/usr/bin/c++, CXX_FLAGS= -fabi-version=11 -Wno-deprecated -fvisibility-inlines-hidden -DUSE_PTHREADPOOL -fopenmp -DNDEBUG -DUSE_KINETO -DUSE_FBGEMM -DUSE_QNNPACK -DUSE_PYTORCH_QNNPACK -DUSE_XNNPACK -DSYMBOLICATE_MOBILE_DEBUG_HANDLE -DEDGE_PROFILER_USE_KINETO -O2 -fPIC -Wno-narrowing -Wall -Wextra -Werror=return-type -Wno-missing-field-initializers -Wno-type-limits -Wno-array-bounds -Wno-unknown-pragmas -Wno-unused-parameter -Wno-unused-function -Wno-unused-result -Wno-unused-local-typedefs -Wno-strict-overflow -Wno-strict-aliasing -Wno-error=deprecated-declarations -Wno-stringop-overflow -Wno-psabi -Wno-error=pedantic -Wno-error=redundant-decls -Wno-error=old-style-cast -fdiagnostics-color=always -faligned-new -Wno-unused-but-set-variable -Wno-maybe-uninitialized -fno-math-errno -fno-trapping-math -Werror=format -Werror=cast-function-type -Wno-stringop-overflow, LAPACK_INFO=mkl, PERF_WITH_AVX=1, PERF_WITH_AVX2=1, PERF_WITH_AVX512=1, TORCH_VERSION=1.12.1, USE_CUDA=ON, USE_CUDNN=ON, USE_EXCEPTION_PTR=1, USE_GFLAGS=OFF, USE_GLOG=OFF, USE_MKL=ON, USE_MKLDNN=OFF, USE_MPI=OFF, USE_NCCL=ON, USE_NNPACK=ON, USE_OPENMP=ON, USE_ROCM=OFF, 

TorchVision: 0.13.1+cu113
OpenCV: 4.5.5
MMCV: 1.7.1
MMCV Compiler: GCC 9.3
MMCV CUDA Compiler: 11.3
MMDetection: 2.28.1+c14dd6c
------------------------------------------------------------

2023-02-08 11:14:13,294 - mmdet - INFO - Distributed training: True
2023-02-08 11:14:14,195 - mmdet - INFO - Config:
model = dict(
    type='RetinaNet',
    backbone=dict(
        type='EfficientNet',
        arch='b3',
        drop_path_rate=0.2,
        out_indices=(3, 4, 5),
        frozen_stages=0,
        norm_cfg=dict(
            type='SyncBN', requires_grad=True, eps=0.001, momentum=0.01),
        norm_eval=False,
        init_cfg=dict(
            type='Pretrained',
            prefix='backbone',
            checkpoint=
            'https://download.openmmlab.com/mmclassification/v0/efficientnet/efficientnet-b3_3rdparty_8xb32-aa_in1k_20220119-5b4887a0.pth'
        )),
    neck=dict(
        type='FPN',
        in_channels=[48, 136, 384],
        out_channels=256,
        start_level=0,
        add_extra_convs='on_input',
        num_outs=5,
        relu_before_extra_convs=True,
        no_norm_on_lateral=True,
        norm_cfg=dict(type='BN', requires_grad=True)),
    bbox_head=dict(
        type='RetinaSepBNHead',
        num_classes=20,
        in_channels=256,
        stacked_convs=4,
        feat_channels=256,
        anchor_generator=dict(
            type='AnchorGenerator',
            octave_base_scale=4,
            scales_per_octave=3,
            ratios=[0.5, 1.0, 2.0],
            strides=[8, 16, 32, 64, 128]),
        bbox_coder=dict(
            type='DeltaXYWHBBoxCoder',
            target_means=[0.0, 0.0, 0.0, 0.0],
            target_stds=[1.0, 1.0, 1.0, 1.0]),
        loss_cls=dict(
            type='FocalLoss',
            use_sigmoid=True,
            gamma=2.0,
            alpha=0.25,
            loss_weight=1.0),
        loss_bbox=dict(type='L1Loss', loss_weight=1.0),
        num_ins=5,
        norm_cfg=dict(type='BN', requires_grad=True)),
    train_cfg=dict(
        assigner=dict(
            type='MaxIoUAssigner',
            pos_iou_thr=0.5,
            neg_iou_thr=0.5,
            min_pos_iou=0,
            ignore_iof_thr=-1),
        allowed_border=-1,
        pos_weight=-1,
        debug=False),
    test_cfg=dict(
        nms_pre=1000,
        min_bbox_size=0,
        score_thr=0.05,
        nms=dict(type='nms', iou_threshold=0.5),
        max_per_img=100))
dataset_type = 'VOCDataset'
data_root = 'data/VOCdevkit/'
img_norm_cfg = dict(
    mean=[123.675, 116.28, 103.53], std=[58.395, 57.12, 57.375], to_rgb=True)
train_pipeline = [
    dict(type='LoadImageFromFile'),
    dict(type='LoadAnnotations', with_bbox=True),
    dict(
        type='Resize',
        img_scale=(896, 896),
        ratio_range=(0.8, 1.2),
        keep_ratio=True),
    dict(type='RandomCrop', crop_size=(896, 896)),
    dict(type='RandomFlip', flip_ratio=0.5),
    dict(
        type='Normalize',
        mean=[123.675, 116.28, 103.53],
        std=[58.395, 57.12, 57.375],
        to_rgb=True),
    dict(type='Pad', size=(896, 896)),
    dict(type='DefaultFormatBundle'),
    dict(type='Collect', keys=['img', 'gt_bboxes', 'gt_labels'])
]
test_pipeline = [
    dict(type='LoadImageFromFile'),
    dict(
        type='MultiScaleFlipAug',
        img_scale=(896, 896),
        flip=False,
        transforms=[
            dict(type='Resize', keep_ratio=True),
            dict(type='RandomFlip'),
            dict(
                type='Normalize',
                mean=[123.675, 116.28, 103.53],
                std=[58.395, 57.12, 57.375],
                to_rgb=True),
            dict(type='Pad', size=(896, 896)),
            dict(type='ImageToTensor', keys=['img']),
            dict(type='Collect', keys=['img'])
        ])
]
data = dict(
    samples_per_gpu=4,
    workers_per_gpu=2,
    train=dict(
        type='RepeatDataset',
        times=2,
        dataset=dict(
            type='VOCDataset',
            ann_file=[
                'data/VOCdevkit/VOC2007/ImageSets/Main/trainval.txt',
                'data/VOCdevkit/VOC2012/ImageSets/Main/trainval.txt'
            ],
            img_prefix=['data/VOCdevkit/VOC2007/', 'data/VOCdevkit/VOC2012/'],
            pipeline=[
                dict(type='LoadImageFromFile'),
                dict(type='LoadAnnotations', with_bbox=True),
                dict(type='Resize', img_scale=(1000, 600), keep_ratio=True),
                dict(type='RandomFlip', flip_ratio=0.5),
                dict(
                    type='Normalize',
                    mean=[123.675, 116.28, 103.53],
                    std=[58.395, 57.12, 57.375],
                    to_rgb=True),
                dict(type='Pad', size_divisor=32),
                dict(type='DefaultFormatBundle'),
                dict(type='Collect', keys=['img', 'gt_bboxes', 'gt_labels'])
            ]),
        pipeline=[
            dict(type='LoadImageFromFile'),
            dict(type='LoadAnnotations', with_bbox=True),
            dict(
                type='Resize',
                img_scale=(896, 896),
                ratio_range=(0.8, 1.2),
                keep_ratio=True),
            dict(type='RandomCrop', crop_size=(896, 896)),
            dict(type='RandomFlip', flip_ratio=0.5),
            dict(
                type='Normalize',
                mean=[123.675, 116.28, 103.53],
                std=[58.395, 57.12, 57.375],
                to_rgb=True),
            dict(type='Pad', size=(896, 896)),
            dict(type='DefaultFormatBundle'),
            dict(type='Collect', keys=['img', 'gt_bboxes', 'gt_labels'])
        ]),
    val=dict(
        type='VOCDataset',
        ann_file='data/VOCdevkit/VOC2007/ImageSets/Main/test.txt',
        img_prefix='data/VOCdevkit/VOC2007/',
        pipeline=[
            dict(type='LoadImageFromFile'),
            dict(
                type='MultiScaleFlipAug',
                img_scale=(896, 896),
                flip=False,
                transforms=[
                    dict(type='Resize', keep_ratio=True),
                    dict(type='RandomFlip'),
                    dict(
                        type='Normalize',
                        mean=[123.675, 116.28, 103.53],
                        std=[58.395, 57.12, 57.375],
                        to_rgb=True),
                    dict(type='Pad', size=(896, 896)),
                    dict(type='ImageToTensor', keys=['img']),
                    dict(type='Collect', keys=['img'])
                ])
        ]),
    test=dict(
        type='VOCDataset',
        ann_file='data/VOCdevkit/VOC2007/ImageSets/Main/test.txt',
        img_prefix='data/VOCdevkit/VOC2007/',
        pipeline=[
            dict(type='LoadImageFromFile'),
            dict(
                type='MultiScaleFlipAug',
                img_scale=(896, 896),
                flip=False,
                transforms=[
                    dict(type='Resize', keep_ratio=True),
                    dict(type='RandomFlip'),
                    dict(
                        type='Normalize',
                        mean=[123.675, 116.28, 103.53],
                        std=[58.395, 57.12, 57.375],
                        to_rgb=True),
                    dict(type='Pad', size=(896, 896)),
                    dict(type='ImageToTensor', keys=['img']),
                    dict(type='Collect', keys=['img'])
                ])
        ]))
evaluation = dict(interval=1, metric='mAP')
checkpoint_config = dict(interval=1)
log_config = dict(interval=50, hooks=[dict(type='TextLoggerHook')])
custom_hooks = [dict(type='NumClassCheckHook')]
dist_params = dict(backend='nccl')
log_level = 'INFO'
load_from = 'pretrained/retinanet_effb3_fpn_crop896_8x4_1x_coco_20220322_234806-615a0dda.pth'
resume_from = 'effnet_voc/latest.pth'
workflow = [('train', 1)]
opencv_num_threads = 0
mp_start_method = 'fork'
auto_scale_lr = dict(enable=False, base_batch_size=32)
cudnn_benchmark = True
norm_cfg = dict(type='BN', requires_grad=True)
img_size = (896, 896)
optimizer_config = dict(grad_clip=None)
optimizer = dict(
    type='SGD',
    lr=0.002,
    momentum=0.9,
    weight_decay=0.0001,
    paramwise_cfg=dict(norm_decay_mult=0, bypass_duplicate=True))
lr_config = dict(
    policy='step',
    warmup='linear',
    warmup_iters=100,
    warmup_ratio=0.1,
    step=[8, 11])
runner = dict(type='EpochBasedRunner', max_epochs=5)
work_dir = 'effnet_voc/'
auto_resume = False
gpu_ids = range(0, 2)

2023-02-08 11:14:14,195 - mmdet - INFO - Set random seed to 0, deterministic: False
2023-02-08 11:14:23,253 - mmdet - INFO - Automatic scaling of learning rate (LR) has been disabled.
2023-02-08 11:14:23,652 - mmdet - INFO - load checkpoint from local path: effnet_voc/latest.pth
2023-02-08 11:14:24,130 - mmdet - INFO - resumed epoch 4, iter 16556
2023-02-08 11:14:24,133 - mmdet - INFO - Start running, host: ders@ders-SYS-4029GP-TRTC-ZY001, work_dir: /media/ders/mazhiming/mmdetection/effnet_voc
2023-02-08 11:14:24,133 - mmdet - INFO - Hooks will be executed in the following order:
before_run:
(VERY_HIGH   ) StepLrUpdaterHook                  
(NORMAL      ) CheckpointHook                     
(LOW         ) DistEvalHook                       
(VERY_LOW    ) TextLoggerHook                     
 -------------------- 
before_train_epoch:
(VERY_HIGH   ) StepLrUpdaterHook                  
(NORMAL      ) NumClassCheckHook                  
(NORMAL      ) DistSamplerSeedHook                
(LOW         ) IterTimerHook                      
(LOW         ) DistEvalHook                       
(VERY_LOW    ) TextLoggerHook                     
 -------------------- 
before_train_iter:
(VERY_HIGH   ) StepLrUpdaterHook                  
(LOW         ) IterTimerHook                      
(LOW         ) DistEvalHook                       
 -------------------- 
after_train_iter:
(ABOVE_NORMAL) OptimizerHook                      
(NORMAL      ) CheckpointHook                     
(LOW         ) IterTimerHook                      
(LOW         ) DistEvalHook                       
(VERY_LOW    ) TextLoggerHook                     
 -------------------- 
after_train_epoch:
(NORMAL      ) CheckpointHook                     
(LOW         ) DistEvalHook                       
(VERY_LOW    ) TextLoggerHook                     
 -------------------- 
before_val_epoch:
(NORMAL      ) NumClassCheckHook                  
(NORMAL      ) DistSamplerSeedHook                
(LOW         ) IterTimerHook                      
(VERY_LOW    ) TextLoggerHook                     
 -------------------- 
before_val_iter:
(LOW         ) IterTimerHook                      
 -------------------- 
after_val_iter:
(LOW         ) IterTimerHook                      
 -------------------- 
after_val_epoch:
(VERY_LOW    ) TextLoggerHook                     
 -------------------- 
after_run:
(VERY_LOW    ) TextLoggerHook                     
 -------------------- 
2023-02-08 11:14:24,134 - mmdet - INFO - workflow: [('train', 1)], max: 5 epochs
2023-02-08 11:14:24,134 - mmdet - INFO - Checkpoints will be saved to /media/ders/mazhiming/mmdetection/effnet_voc by HardDiskBackend.
2023-02-08 11:15:45,450 - mmdet - INFO - Epoch [5][50/4139]	lr: 2.000e-03, eta: 1:50:48, time: 1.626, data_time: 0.059, memory: 19912, loss_cls: 0.1239, loss_bbox: 0.1304, loss: 0.2543
2023-02-08 11:16:07,356 - mmdet - INFO - Epoch [5][100/4139]	lr: 2.000e-03, eta: 1:09:28, time: 0.438, data_time: 0.008, memory: 19912, loss_cls: 0.1320, loss_bbox: 0.1392, loss: 0.2712
2023-02-08 11:16:32,246 - mmdet - INFO - Epoch [5][150/4139]	lr: 2.000e-03, eta: 0:56:46, time: 0.498, data_time: 0.008, memory: 19912, loss_cls: 0.1259, loss_bbox: 0.1369, loss: 0.2628
2023-02-08 11:16:49,600 - mmdet - INFO - Epoch [5][200/4139]	lr: 2.000e-03, eta: 0:47:44, time: 0.347, data_time: 0.008, memory: 19912, loss_cls: 0.1346, loss_bbox: 0.1405, loss: 0.2751
2023-02-08 11:17:11,470 - mmdet - INFO - Epoch [5][250/4139]	lr: 2.000e-03, eta: 0:43:22, time: 0.437, data_time: 0.013, memory: 19912, loss_cls: 0.1366, loss_bbox: 0.1466, loss: 0.2833
2023-02-08 11:17:37,442 - mmdet - INFO - Epoch [5][300/4139]	lr: 2.000e-03, eta: 0:41:13, time: 0.519, data_time: 0.012, memory: 19912, loss_cls: 0.1325, loss_bbox: 0.1453, loss: 0.2778
2023-02-08 11:17:56,265 - mmdet - INFO - Epoch [5][350/4139]	lr: 2.000e-03, eta: 0:38:16, time: 0.376, data_time: 0.009, memory: 19912, loss_cls: 0.1294, loss_bbox: 0.1310, loss: 0.2605
2023-02-08 11:18:17,611 - mmdet - INFO - Epoch [5][400/4139]	lr: 2.000e-03, eta: 0:36:22, time: 0.427, data_time: 0.008, memory: 19912, loss_cls: 0.1371, loss_bbox: 0.1446, loss: 0.2817
2023-02-08 11:18:34,606 - mmdet - INFO - Epoch [5][450/4139]	lr: 2.000e-03, eta: 0:34:13, time: 0.340, data_time: 0.008, memory: 19912, loss_cls: 0.1362, loss_bbox: 0.1412, loss: 0.2774
2023-02-08 11:18:54,965 - mmdet - INFO - Epoch [5][500/4139]	lr: 2.000e-03, eta: 0:32:51, time: 0.407, data_time: 0.008, memory: 19912, loss_cls: 0.1255, loss_bbox: 0.1333, loss: 0.2588
2023-02-08 11:19:12,219 - mmdet - INFO - Epoch [5][550/4139]	lr: 2.000e-03, eta: 0:31:19, time: 0.345, data_time: 0.008, memory: 19912, loss_cls: 0.1300, loss_bbox: 0.1365, loss: 0.2665
2023-02-08 11:19:32,056 - mmdet - INFO - Epoch [5][600/4139]	lr: 2.000e-03, eta: 0:30:16, time: 0.397, data_time: 0.011, memory: 19912, loss_cls: 0.1266, loss_bbox: 0.1322, loss: 0.2588
2023-02-08 11:19:51,924 - mmdet - INFO - Epoch [5][650/4139]	lr: 2.000e-03, eta: 0:29:19, time: 0.397, data_time: 0.013, memory: 19912, loss_cls: 0.1242, loss_bbox: 0.1301, loss: 0.2543
2023-02-08 11:20:10,957 - mmdet - INFO - Epoch [5][700/4139]	lr: 2.000e-03, eta: 0:28:23, time: 0.381, data_time: 0.013, memory: 19912, loss_cls: 0.1329, loss_bbox: 0.1367, loss: 0.2696
2023-02-08 11:20:29,208 - mmdet - INFO - Epoch [5][750/4139]	lr: 2.000e-03, eta: 0:27:29, time: 0.365, data_time: 0.009, memory: 19912, loss_cls: 0.1342, loss_bbox: 0.1351, loss: 0.2693
2023-02-08 11:20:46,634 - mmdet - INFO - Epoch [5][800/4139]	lr: 2.000e-03, eta: 0:26:36, time: 0.349, data_time: 0.008, memory: 19912, loss_cls: 0.1328, loss_bbox: 0.1380, loss: 0.2708
2023-02-08 11:21:03,991 - mmdet - INFO - Epoch [5][850/4139]	lr: 2.000e-03, eta: 0:25:47, time: 0.347, data_time: 0.008, memory: 19912, loss_cls: 0.1255, loss_bbox: 0.1323, loss: 0.2578
2023-02-08 11:21:21,586 - mmdet - INFO - Epoch [5][900/4139]	lr: 2.000e-03, eta: 0:25:02, time: 0.352, data_time: 0.008, memory: 19912, loss_cls: 0.1226, loss_bbox: 0.1299, loss: 0.2526
2023-02-08 11:21:39,910 - mmdet - INFO - Epoch [5][950/4139]	lr: 2.000e-03, eta: 0:24:22, time: 0.366, data_time: 0.010, memory: 19912, loss_cls: 0.1283, loss_bbox: 0.1408, loss: 0.2690
2023-02-08 11:22:00,750 - mmdet - INFO - Epoch [5][1000/4139]	lr: 2.000e-03, eta: 0:23:53, time: 0.417, data_time: 0.014, memory: 19912, loss_cls: 0.1355, loss_bbox: 0.1415, loss: 0.2769
2023-02-08 11:22:20,996 - mmdet - INFO - Epoch [5][1050/4139]	lr: 2.000e-03, eta: 0:23:22, time: 0.405, data_time: 0.015, memory: 19912, loss_cls: 0.1386, loss_bbox: 0.1440, loss: 0.2826
2023-02-08 11:22:39,975 - mmdet - INFO - Epoch [5][1100/4139]	lr: 2.000e-03, eta: 0:22:49, time: 0.380, data_time: 0.011, memory: 19912, loss_cls: 0.1331, loss_bbox: 0.1405, loss: 0.2736
2023-02-08 11:22:57,995 - mmdet - INFO - Epoch [5][1150/4139]	lr: 2.000e-03, eta: 0:22:15, time: 0.360, data_time: 0.009, memory: 19912, loss_cls: 0.1302, loss_bbox: 0.1302, loss: 0.2604
2023-02-08 11:23:15,485 - mmdet - INFO - Epoch [5][1200/4139]	lr: 2.000e-03, eta: 0:21:41, time: 0.350, data_time: 0.008, memory: 19912, loss_cls: 0.1343, loss_bbox: 0.1304, loss: 0.2647
2023-02-08 11:23:32,734 - mmdet - INFO - Epoch [5][1250/4139]	lr: 2.000e-03, eta: 0:21:07, time: 0.345, data_time: 0.008, memory: 19912, loss_cls: 0.1376, loss_bbox: 0.1429, loss: 0.2805
2023-02-08 11:23:50,228 - mmdet - INFO - Epoch [5][1300/4139]	lr: 2.000e-03, eta: 0:20:36, time: 0.350, data_time: 0.008, memory: 19912, loss_cls: 0.1292, loss_bbox: 0.1322, loss: 0.2614
2023-02-08 11:24:08,194 - mmdet - INFO - Epoch [5][1350/4139]	lr: 2.000e-03, eta: 0:20:06, time: 0.359, data_time: 0.009, memory: 19912, loss_cls: 0.1326, loss_bbox: 0.1429, loss: 0.2756
2023-02-08 11:24:29,561 - mmdet - INFO - Epoch [5][1400/4139]	lr: 2.000e-03, eta: 0:19:44, time: 0.427, data_time: 0.015, memory: 19912, loss_cls: 0.1347, loss_bbox: 0.1399, loss: 0.2746
2023-02-08 11:24:51,143 - mmdet - INFO - Epoch [5][1450/4139]	lr: 2.000e-03, eta: 0:19:22, time: 0.431, data_time: 0.014, memory: 19912, loss_cls: 0.1249, loss_bbox: 0.1293, loss: 0.2543
2023-02-08 11:25:11,218 - mmdet - INFO - Epoch [5][1500/4139]	lr: 2.000e-03, eta: 0:18:58, time: 0.402, data_time: 0.014, memory: 19912, loss_cls: 0.1259, loss_bbox: 0.1388, loss: 0.2648
2023-02-08 11:25:29,960 - mmdet - INFO - Epoch [5][1550/4139]	lr: 2.000e-03, eta: 0:18:32, time: 0.375, data_time: 0.009, memory: 19912, loss_cls: 0.1352, loss_bbox: 0.1421, loss: 0.2773
2023-02-08 11:25:47,079 - mmdet - INFO - Epoch [5][1600/4139]	lr: 2.000e-03, eta: 0:18:03, time: 0.342, data_time: 0.008, memory: 19912, loss_cls: 0.1235, loss_bbox: 0.1281, loss: 0.2517
2023-02-08 11:26:04,469 - mmdet - INFO - Epoch [5][1650/4139]	lr: 2.000e-03, eta: 0:17:36, time: 0.348, data_time: 0.008, memory: 19912, loss_cls: 0.1264, loss_bbox: 0.1309, loss: 0.2573
2023-02-08 11:26:22,048 - mmdet - INFO - Epoch [5][1700/4139]	lr: 2.000e-03, eta: 0:17:09, time: 0.352, data_time: 0.008, memory: 19912, loss_cls: 0.1293, loss_bbox: 0.1351, loss: 0.2644
2023-02-08 11:26:40,053 - mmdet - INFO - Epoch [5][1750/4139]	lr: 2.000e-03, eta: 0:16:44, time: 0.360, data_time: 0.010, memory: 19912, loss_cls: 0.1253, loss_bbox: 0.1339, loss: 0.2593
2023-02-08 11:27:00,728 - mmdet - INFO - Epoch [5][1800/4139]	lr: 2.000e-03, eta: 0:16:23, time: 0.413, data_time: 0.014, memory: 19912, loss_cls: 0.1256, loss_bbox: 0.1333, loss: 0.2588
2023-02-08 11:27:22,442 - mmdet - INFO - Epoch [5][1850/4139]	lr: 2.000e-03, eta: 0:16:02, time: 0.435, data_time: 0.016, memory: 19912, loss_cls: 0.1333, loss_bbox: 0.1398, loss: 0.2731
2023-02-08 11:27:43,789 - mmdet - INFO - Epoch [5][1900/4139]	lr: 2.000e-03, eta: 0:15:42, time: 0.427, data_time: 0.014, memory: 19912, loss_cls: 0.1295, loss_bbox: 0.1402, loss: 0.2697
2023-02-08 11:28:02,312 - mmdet - INFO - Epoch [5][1950/4139]	lr: 2.000e-03, eta: 0:15:18, time: 0.370, data_time: 0.009, memory: 19912, loss_cls: 0.1250, loss_bbox: 0.1319, loss: 0.2569
2023-02-08 11:28:19,890 - mmdet - INFO - Epoch [5][2000/4139]	lr: 2.000e-03, eta: 0:14:53, time: 0.352, data_time: 0.009, memory: 19912, loss_cls: 0.1266, loss_bbox: 0.1337, loss: 0.2604
2023-02-08 11:28:37,419 - mmdet - INFO - Epoch [5][2050/4139]	lr: 2.000e-03, eta: 0:14:29, time: 0.351, data_time: 0.008, memory: 19912, loss_cls: 0.1307, loss_bbox: 0.1379, loss: 0.2686
2023-02-08 11:28:54,480 - mmdet - INFO - Epoch [5][2100/4139]	lr: 2.000e-03, eta: 0:14:05, time: 0.341, data_time: 0.008, memory: 19912, loss_cls: 0.1311, loss_bbox: 0.1433, loss: 0.2745
2023-02-08 11:29:11,798 - mmdet - INFO - Epoch [5][2150/4139]	lr: 2.000e-03, eta: 0:13:41, time: 0.346, data_time: 0.009, memory: 19912, loss_cls: 0.1297, loss_bbox: 0.1324, loss: 0.2621
2023-02-08 11:29:31,771 - mmdet - INFO - Epoch [5][2200/4139]	lr: 2.000e-03, eta: 0:13:19, time: 0.399, data_time: 0.012, memory: 19912, loss_cls: 0.1224, loss_bbox: 0.1289, loss: 0.2513
2023-02-08 11:29:55,137 - mmdet - INFO - Epoch [5][2250/4139]	lr: 2.000e-03, eta: 0:13:01, time: 0.467, data_time: 0.017, memory: 19912, loss_cls: 0.1225, loss_bbox: 0.1279, loss: 0.2504
2023-02-08 11:30:19,775 - mmdet - INFO - Epoch [5][2300/4139]	lr: 2.000e-03, eta: 0:12:44, time: 0.493, data_time: 0.014, memory: 19912, loss_cls: 0.1222, loss_bbox: 0.1275, loss: 0.2497
2023-02-08 11:30:42,356 - mmdet - INFO - Epoch [5][2350/4139]	lr: 2.000e-03, eta: 0:12:24, time: 0.452, data_time: 0.012, memory: 19912, loss_cls: 0.1298, loss_bbox: 0.1403, loss: 0.2701
2023-02-08 11:31:00,116 - mmdet - INFO - Epoch [5][2400/4139]	lr: 2.000e-03, eta: 0:12:01, time: 0.355, data_time: 0.009, memory: 19912, loss_cls: 0.1293, loss_bbox: 0.1361, loss: 0.2654
2023-02-08 11:31:17,516 - mmdet - INFO - Epoch [5][2450/4139]	lr: 2.000e-03, eta: 0:11:38, time: 0.348, data_time: 0.008, memory: 19912, loss_cls: 0.1310, loss_bbox: 0.1391, loss: 0.2701
2023-02-08 11:31:34,984 - mmdet - INFO - Epoch [5][2500/4139]	lr: 2.000e-03, eta: 0:11:15, time: 0.349, data_time: 0.009, memory: 19912, loss_cls: 0.1254, loss_bbox: 0.1352, loss: 0.2606
2023-02-08 11:31:52,612 - mmdet - INFO - Epoch [5][2550/4139]	lr: 2.000e-03, eta: 0:10:53, time: 0.353, data_time: 0.009, memory: 19912, loss_cls: 0.1273, loss_bbox: 0.1334, loss: 0.2608
2023-02-08 11:32:11,390 - mmdet - INFO - Epoch [5][2600/4139]	lr: 2.000e-03, eta: 0:10:31, time: 0.376, data_time: 0.010, memory: 19912, loss_cls: 0.1309, loss_bbox: 0.1340, loss: 0.2649
2023-02-08 11:32:32,858 - mmdet - INFO - Epoch [5][2650/4139]	lr: 2.000e-03, eta: 0:10:11, time: 0.429, data_time: 0.015, memory: 19912, loss_cls: 0.1361, loss_bbox: 0.1317, loss: 0.2678
2023-02-08 11:32:54,726 - mmdet - INFO - Epoch [5][2700/4139]	lr: 2.000e-03, eta: 0:09:51, time: 0.438, data_time: 0.015, memory: 19912, loss_cls: 0.1251, loss_bbox: 0.1357, loss: 0.2608
2023-02-08 11:33:15,651 - mmdet - INFO - Epoch [5][2750/4139]	lr: 2.000e-03, eta: 0:09:31, time: 0.419, data_time: 0.014, memory: 19912, loss_cls: 0.1274, loss_bbox: 0.1332, loss: 0.2606
2023-02-08 11:33:33,720 - mmdet - INFO - Epoch [5][2800/4139]	lr: 2.000e-03, eta: 0:09:09, time: 0.361, data_time: 0.010, memory: 19912, loss_cls: 0.1311, loss_bbox: 0.1432, loss: 0.2742
2023-02-08 11:33:50,846 - mmdet - INFO - Epoch [5][2850/4139]	lr: 2.000e-03, eta: 0:08:47, time: 0.342, data_time: 0.008, memory: 19912, loss_cls: 0.1270, loss_bbox: 0.1329, loss: 0.2599
2023-02-08 11:34:07,888 - mmdet - INFO - Epoch [5][2900/4139]	lr: 2.000e-03, eta: 0:08:25, time: 0.341, data_time: 0.008, memory: 19912, loss_cls: 0.1326, loss_bbox: 0.1386, loss: 0.2712
2023-02-08 11:34:25,447 - mmdet - INFO - Epoch [5][2950/4139]	lr: 2.000e-03, eta: 0:08:04, time: 0.351, data_time: 0.008, memory: 19912, loss_cls: 0.1250, loss_bbox: 0.1325, loss: 0.2575
2023-02-08 11:34:43,230 - mmdet - INFO - Epoch [5][3000/4139]	lr: 2.000e-03, eta: 0:07:42, time: 0.356, data_time: 0.008, memory: 19912, loss_cls: 0.1299, loss_bbox: 0.1367, loss: 0.2666
2023-02-08 11:35:04,952 - mmdet - INFO - Epoch [5][3050/4139]	lr: 2.000e-03, eta: 0:07:23, time: 0.434, data_time: 0.015, memory: 19912, loss_cls: 0.1278, loss_bbox: 0.1401, loss: 0.2678
2023-02-08 11:35:28,089 - mmdet - INFO - Epoch [5][3100/4139]	lr: 2.000e-03, eta: 0:07:03, time: 0.463, data_time: 0.015, memory: 19912, loss_cls: 0.1277, loss_bbox: 0.1389, loss: 0.2666
2023-02-08 11:35:49,551 - mmdet - INFO - Epoch [5][3150/4139]	lr: 2.000e-03, eta: 0:06:43, time: 0.429, data_time: 0.014, memory: 19912, loss_cls: 0.1261, loss_bbox: 0.1384, loss: 0.2645
2023-02-08 11:36:07,933 - mmdet - INFO - Epoch [5][3200/4139]	lr: 2.000e-03, eta: 0:06:22, time: 0.368, data_time: 0.010, memory: 19912, loss_cls: 0.1282, loss_bbox: 0.1333, loss: 0.2615
2023-02-08 11:36:25,086 - mmdet - INFO - Epoch [5][3250/4139]	lr: 2.000e-03, eta: 0:06:01, time: 0.343, data_time: 0.008, memory: 19912, loss_cls: 0.1266, loss_bbox: 0.1316, loss: 0.2582
2023-02-08 11:36:42,022 - mmdet - INFO - Epoch [5][3300/4139]	lr: 2.000e-03, eta: 0:05:40, time: 0.339, data_time: 0.008, memory: 19912, loss_cls: 0.1273, loss_bbox: 0.1361, loss: 0.2635
2023-02-08 11:36:59,344 - mmdet - INFO - Epoch [5][3350/4139]	lr: 2.000e-03, eta: 0:05:19, time: 0.346, data_time: 0.008, memory: 19912, loss_cls: 0.1248, loss_bbox: 0.1302, loss: 0.2549
2023-02-08 11:37:16,478 - mmdet - INFO - Epoch [5][3400/4139]	lr: 2.000e-03, eta: 0:04:58, time: 0.343, data_time: 0.008, memory: 19912, loss_cls: 0.1269, loss_bbox: 0.1373, loss: 0.2642
2023-02-08 11:37:35,327 - mmdet - INFO - Epoch [5][3450/4139]	lr: 2.000e-03, eta: 0:04:37, time: 0.377, data_time: 0.010, memory: 19912, loss_cls: 0.1205, loss_bbox: 0.1248, loss: 0.2453
2023-02-08 11:37:58,628 - mmdet - INFO - Epoch [5][3500/4139]	lr: 2.000e-03, eta: 0:04:18, time: 0.466, data_time: 0.017, memory: 19912, loss_cls: 0.1292, loss_bbox: 0.1377, loss: 0.2670
2023-02-08 11:38:20,882 - mmdet - INFO - Epoch [5][3550/4139]	lr: 2.000e-03, eta: 0:03:58, time: 0.445, data_time: 0.014, memory: 19912, loss_cls: 0.1313, loss_bbox: 0.1463, loss: 0.2776
2023-02-08 11:38:41,433 - mmdet - INFO - Epoch [5][3600/4139]	lr: 2.000e-03, eta: 0:03:38, time: 0.411, data_time: 0.013, memory: 19912, loss_cls: 0.1240, loss_bbox: 0.1319, loss: 0.2559
2023-02-08 11:39:00,049 - mmdet - INFO - Epoch [5][3650/4139]	lr: 2.000e-03, eta: 0:03:17, time: 0.372, data_time: 0.010, memory: 19912, loss_cls: 0.1283, loss_bbox: 0.1370, loss: 0.2653
2023-02-08 11:39:19,521 - mmdet - INFO - Epoch [5][3700/4139]	lr: 2.000e-03, eta: 0:02:57, time: 0.389, data_time: 0.012, memory: 19912, loss_cls: 0.1247, loss_bbox: 0.1350, loss: 0.2597
2023-02-08 11:39:39,539 - mmdet - INFO - Epoch [5][3750/4139]	lr: 2.000e-03, eta: 0:02:37, time: 0.401, data_time: 0.016, memory: 19912, loss_cls: 0.1231, loss_bbox: 0.1345, loss: 0.2576
2023-02-08 11:39:58,855 - mmdet - INFO - Epoch [5][3800/4139]	lr: 2.000e-03, eta: 0:02:16, time: 0.386, data_time: 0.012, memory: 19912, loss_cls: 0.1264, loss_bbox: 0.1359, loss: 0.2623
2023-02-08 11:40:16,734 - mmdet - INFO - Epoch [5][3850/4139]	lr: 2.000e-03, eta: 0:01:56, time: 0.358, data_time: 0.009, memory: 19912, loss_cls: 0.1287, loss_bbox: 0.1348, loss: 0.2635
2023-02-08 11:40:38,853 - mmdet - INFO - Epoch [5][3900/4139]	lr: 2.000e-03, eta: 0:01:36, time: 0.442, data_time: 0.014, memory: 19912, loss_cls: 0.1305, loss_bbox: 0.1408, loss: 0.2713
2023-02-08 11:41:03,141 - mmdet - INFO - Epoch [5][3950/4139]	lr: 2.000e-03, eta: 0:01:16, time: 0.486, data_time: 0.019, memory: 19912, loss_cls: 0.1271, loss_bbox: 0.1368, loss: 0.2638
2023-02-08 11:41:26,715 - mmdet - INFO - Epoch [5][4000/4139]	lr: 2.000e-03, eta: 0:00:56, time: 0.471, data_time: 0.019, memory: 19912, loss_cls: 0.1304, loss_bbox: 0.1390, loss: 0.2693
2023-02-08 11:41:48,031 - mmdet - INFO - Epoch [5][4050/4139]	lr: 2.000e-03, eta: 0:00:36, time: 0.426, data_time: 0.013, memory: 19912, loss_cls: 0.1309, loss_bbox: 0.1361, loss: 0.2671
2023-02-08 11:42:06,793 - mmdet - INFO - Epoch [5][4100/4139]	lr: 2.000e-03, eta: 0:00:15, time: 0.375, data_time: 0.011, memory: 19912, loss_cls: 0.1239, loss_bbox: 0.1393, loss: 0.2632
2023-02-08 11:42:20,428 - mmdet - INFO - Saving checkpoint at 5 epochs
2023-02-08 11:45:32,614 - mmdet - INFO - 
+-------------+------+--------+--------+-------+
| class       | gts  | dets   | recall | ap    |
+-------------+------+--------+--------+-------+
| aeroplane   | 285  | 9147   | 0.996  | 0.887 |
| bicycle     | 337  | 3811   | 0.991  | 0.887 |
| bird        | 459  | 14328  | 0.974  | 0.881 |
| boat        | 263  | 10269  | 0.970  | 0.783 |
| bottle      | 469  | 9473   | 0.972  | 0.777 |
| bus         | 213  | 3012   | 0.986  | 0.893 |
| car         | 1201 | 15499  | 0.991  | 0.895 |
| cat         | 358  | 26147  | 0.992  | 0.891 |
| chair       | 756  | 14925  | 0.956  | 0.739 |
| cow         | 244  | 4990   | 0.996  | 0.901 |
| diningtable | 206  | 63640  | 0.966  | 0.813 |
| dog         | 489  | 10890  | 0.996  | 0.894 |
| horse       | 348  | 5443   | 0.986  | 0.901 |
| motorbike   | 325  | 7717   | 0.988  | 0.874 |
| person      | 4528 | 101832 | 0.981  | 0.877 |
| pottedplant | 480  | 27707  | 0.944  | 0.655 |
| sheep       | 242  | 4923   | 0.979  | 0.872 |
| sofa        | 239  | 104846 | 0.983  | 0.753 |
| train       | 282  | 11543  | 0.968  | 0.847 |
| tvmonitor   | 308  | 22038  | 0.971  | 0.864 |
+-------------+------+--------+--------+-------+
| mAP         |      |        |        | 0.844 |
+-------------+------+--------+--------+-------+
2023-02-08 11:45:32,710 - mmdet - INFO - Exp name: retinanet_effb3_fpn_crop896_8x4_1x_voc.py
2023-02-08 11:45:32,710 - mmdet - INFO - Epoch(val) [5][2476]	mAP: 0.8440, AP50: 0.8440
